{"/Users/ofert/projects/ofer_intro/src/weather/store/weather.store.ts": {"path":"/Users/ofert/projects/ofer_intro/src/weather/store/weather.store.ts","statementMap":{"0":{"start":{"line":3,"column":21},"end":{"line":3,"column":30}},"1":{"start":{"line":5,"column":46},"end":{"line":14,"column":1}},"2":{"start":{"line":20,"column":29},"end":{"line":22,"column":5}},"3":{"start":{"line":24,"column":14},"end":{"line":24,"column":38}},"4":{"start":{"line":26,"column":16},"end":{"line":34,"column":2}},"5":{"start":{"line":28,"column":8},"end":{"line":28,"column":28}},"6":{"start":{"line":31,"column":22},"end":{"line":31,"column":44}},"7":{"start":{"line":32,"column":8},"end":{"line":32,"column":36}},"8":{"start":{"line":36,"column":16},"end":{"line":44,"column":2}},"9":{"start":{"line":38,"column":8},"end":{"line":38,"column":47}},"10":{"start":{"line":41,"column":22},"end":{"line":41,"column":44}},"11":{"start":{"line":42,"column":8},"end":{"line":42,"column":41}},"12":{"start":{"line":46,"column":17},"end":{"line":46,"column":99}},"13":{"start":{"line":46,"column":49},"end":{"line":46,"column":99}},"14":{"start":{"line":48,"column":28},"end":{"line":56,"column":1}},"15":{"start":{"line":49,"column":17},"end":{"line":49,"column":31}},"16":{"start":{"line":50,"column":4},"end":{"line":50,"column":20}},"17":{"start":{"line":51,"column":4},"end":{"line":51,"column":22}},"18":{"start":{"line":52,"column":4},"end":{"line":52,"column":22}},"19":{"start":{"line":53,"column":4},"end":{"line":53,"column":27}},"20":{"start":{"line":55,"column":4},"end":{"line":55,"column":15}},"21":{"start":{"line":58,"column":28},"end":{"line":61,"column":1}}},"fnMap":{"0":{"name":"(anonymous_0)","decl":{"start":{"line":27,"column":4},"end":{"line":27,"column":5}},"loc":{"start":{"line":27,"column":16},"end":{"line":29,"column":5}},"line":27},"1":{"name":"(anonymous_1)","decl":{"start":{"line":30,"column":4},"end":{"line":30,"column":5}},"loc":{"start":{"line":30,"column":47},"end":{"line":33,"column":5}},"line":30},"2":{"name":"(anonymous_2)","decl":{"start":{"line":37,"column":4},"end":{"line":37,"column":5}},"loc":{"start":{"line":37,"column":25},"end":{"line":39,"column":5}},"line":37},"3":{"name":"(anonymous_3)","decl":{"start":{"line":40,"column":4},"end":{"line":40,"column":5}},"loc":{"start":{"line":40,"column":80},"end":{"line":43,"column":5}},"line":40},"4":{"name":"(anonymous_4)","decl":{"start":{"line":46,"column":17},"end":{"line":46,"column":18}},"loc":{"start":{"line":46,"column":49},"end":{"line":46,"column":99}},"line":46},"5":{"name":"(anonymous_5)","decl":{"start":{"line":48,"column":28},"end":{"line":48,"column":29}},"loc":{"start":{"line":48,"column":44},"end":{"line":56,"column":1}},"line":48}},"branchMap":{},"s":{"0":1,"1":1,"2":1,"3":1,"4":1,"5":2,"6":1,"7":1,"8":1,"9":1,"10":1,"11":1,"12":1,"13":2,"14":1,"15":2,"16":2,"17":2,"18":2,"19":2,"20":2,"21":1},"f":{"0":2,"1":1,"2":1,"3":1,"4":2,"5":2},"b":{},"_coverageSchema":"1a1c01bbd47fc00a2c39e90264f33305004495a9","hash":"4139aea3c5271e4124f1e0c13d2de086110b4b55"}
}
