{"/Users/ofert/projects/ofer_intro/src/weather/weather.interface.ts": {"path":"/Users/ofert/projects/ofer_intro/src/weather/weather.interface.ts","statementMap":{},"fnMap":{},"branchMap":{},"s":{},"f":{},"b":{},"_coverageSchema":"1a1c01bbd47fc00a2c39e90264f33305004495a9","hash":"d625ff05d6c2ae113c1bd706f416ba716abcc889"}
,"/Users/ofert/projects/ofer_intro/src/weather/service/weather.api.ts": {"path":"/Users/ofert/projects/ofer_intro/src/weather/service/weather.api.ts","statementMap":{"0":{"start":{"line":12,"column":30},"end":{"line":12,"column":69}},"1":{"start":{"line":13,"column":21},"end":{"line":13,"column":109}},"2":{"start":{"line":14,"column":54},"end":{"line":14,"column":75}},"3":{"start":{"line":16,"column":26},"end":{"line":16,"column":84}},"4":{"start":{"line":17,"column":24},"end":{"line":21,"column":10}},"5":{"start":{"line":20,"column":12},"end":{"line":20,"column":79}},"6":{"start":{"line":23,"column":4},"end":{"line":27,"column":5}},"7":{"start":{"line":31,"column":32},"end":{"line":31,"column":57}},"8":{"start":{"line":32,"column":4},"end":{"line":32,"column":83}},"9":{"start":{"line":35,"column":4},"end":{"line":38,"column":6}},"10":{"start":{"line":36,"column":33},"end":{"line":36,"column":59}},"11":{"start":{"line":37,"column":8},"end":{"line":37,"column":54}},"12":{"start":{"line":47,"column":4},"end":{"line":51,"column":6}},"13":{"start":{"line":48,"column":22},"end":{"line":48,"column":39}},"14":{"start":{"line":49,"column":22},"end":{"line":49,"column":39}},"15":{"start":{"line":50,"column":8},"end":{"line":50,"column":48}}},"fnMap":{"0":{"name":"fetchWeather","decl":{"start":{"line":5,"column":22},"end":{"line":5,"column":34}},"loc":{"start":{"line":10,"column":32},"end":{"line":28,"column":1}},"line":10},"1":{"name":"(anonymous_1)","decl":{"start":{"line":19,"column":13},"end":{"line":19,"column":14}},"loc":{"start":{"line":19,"column":21},"end":{"line":21,"column":9}},"line":19},"2":{"name":"filterForcastCreatedAfterRequestedDate","decl":{"start":{"line":30,"column":9},"end":{"line":30,"column":47}},"loc":{"start":{"line":30,"column":132},"end":{"line":39,"column":1}},"line":30},"3":{"name":"(anonymous_3)","decl":{"start":{"line":35,"column":24},"end":{"line":35,"column":25}},"loc":{"start":{"line":35,"column":32},"end":{"line":38,"column":5}},"line":35},"4":{"name":"sortByDate","decl":{"start":{"line":46,"column":9},"end":{"line":46,"column":19}},"loc":{"start":{"line":46,"column":85},"end":{"line":52,"column":1}},"line":46},"5":{"name":"(anonymous_5)","decl":{"start":{"line":47,"column":22},"end":{"line":47,"column":23}},"loc":{"start":{"line":47,"column":32},"end":{"line":51,"column":5}},"line":47}},"branchMap":{"0":{"loc":{"start":{"line":9,"column":4},"end":{"line":9,"column":25}},"type":"default-arg","locations":[{"start":{"line":9,"column":23},"end":{"line":9,"column":25}}],"line":9}},"s":{"0":6,"1":6,"2":6,"3":6,"4":6,"5":52,"6":6,"7":6,"8":6,"9":6,"10":321,"11":321,"12":6,"13":314,"14":314,"15":314},"f":{"0":6,"1":52,"2":6,"3":321,"4":6,"5":314},"b":{"0":[5]},"_coverageSchema":"1a1c01bbd47fc00a2c39e90264f33305004495a9","hash":"b4ab2c9efe8699ad8f05714076e8c22e1fb1654b"}
}
