TN:
SF:src/weather/weather.interface.ts
FNF:0
FNH:0
LF:0
LH:0
BRF:0
BRH:0
end_of_record
TN:
SF:src/weather/service/weather.api.ts
FN:5,fetchWeather
FN:19,(anonymous_1)
FN:30,filterForcastCreatedAfterRequestedDate
FN:35,(anonymous_3)
FN:46,sortByDate
FN:47,(anonymous_5)
FNF:6
FNH:6
FNDA:6,fetchWeather
FNDA:52,(anonymous_1)
FNDA:6,filterForcastCreatedAfterRequestedDate
FNDA:321,(anonymous_3)
FNDA:6,sortByDate
FNDA:314,(anonymous_5)
DA:12,6
DA:13,6
DA:14,6
DA:16,6
DA:17,6
DA:20,52
DA:23,6
DA:31,6
DA:32,6
DA:35,6
DA:36,321
DA:37,321
DA:47,6
DA:48,314
DA:49,314
DA:50,314
LF:16
LH:16
BRDA:9,0,0,5
BRF:1
BRH:1
end_of_record
