TN:
SF:src/weather/store/weather.store.ts
FN:27,(anonymous_0)
FN:30,(anonymous_1)
FN:37,(anonymous_2)
FN:40,(anonymous_3)
FN:46,(anonymous_4)
FN:48,(anonymous_5)
FNF:6
FNH:6
FNDA:2,(anonymous_0)
FNDA:1,(anonymous_1)
FNDA:1,(anonymous_2)
FNDA:1,(anonymous_3)
FNDA:2,(anonymous_4)
FNDA:2,(anonymous_5)
DA:3,1
DA:5,1
DA:20,1
DA:24,1
DA:26,1
DA:28,2
DA:31,1
DA:32,1
DA:36,1
DA:38,1
DA:41,1
DA:42,1
DA:46,2
DA:48,1
DA:49,2
DA:50,2
DA:51,2
DA:52,2
DA:53,2
DA:55,2
DA:58,1
LF:21
LH:21
BRF:0
BRH:0
end_of_record
